<?xml version="1.0" encoding="UTF-8"?>
<!-- Generated by org.testng.reporters.JUnitReportReporter -->
<testsuite hostname="rb-ssuri" failures="0" tests="1" name="script.InValidLogin" time="11.995" errors="0" timestamp="2024-10-23T11:38:10 IST" skipped="0">
  <testcase classname="script.InValidLogin" name="testInvalidLogin" time="11.995"/>
  <system-out>
    <![CDATA[Err Msg is Displayed]]>
  </system-out>
</testsuite> <!-- script.InValidLogin -->
