<?xml version="1.0" encoding="UTF-8"?>
<!-- Generated by org.testng.reporters.JUnitReportReporter -->
<testsuite hostname="rb-ssuri" failures="0" tests="2" name="script.Demo1" time="32.325" errors="0" timestamp="2024-10-21T11:40:45 IST" skipped="0">
  <testcase classname="script.Demo1" name="testA" time="11.347"/>
  <testcase classname="script.Demo1" name="testA" time="20.978"/>
</testsuite> <!-- script.Demo1 -->
