<?xml version="1.0" encoding="UTF-8"?>
<!-- Generated by org.testng.reporters.JUnitReportReporter -->
<testsuite hostname="rb-ssuri" failures="0" tests="4" name="script.DemoX" time="0.011" errors="0" timestamp="2024-10-21T11:40:45 IST" skipped="0">
  <testcase classname="script.DemoX" name="deleteUser" time="0.002"/>
  <testcase classname="script.DemoX" name="deleteUser" time="0.004"/>
  <testcase classname="script.DemoX" name="createUser" time="0.003"/>
  <testcase classname="script.DemoX" name="createUser" time="0.002"/>
</testsuite> <!-- script.DemoX -->
