<?xml version="1.0" encoding="UTF-8"?>
<!-- Generated by org.testng.reporters.JUnitReportReporter -->
<testsuite hostname="rb-ssuri" failures="0" tests="4" name="script.DemoX" time="0.018" errors="0" timestamp="2024-10-22T11:23:47 IST" skipped="0">
  <testcase classname="script.DemoX" name="deleteUser" time="0.003"/>
  <testcase classname="script.DemoX" name="deleteUser" time="0.007"/>
  <testcase classname="script.DemoX" name="createUser" time="0.005"/>
  <testcase classname="script.DemoX" name="createUser" time="0.003"/>
</testsuite> <!-- script.DemoX -->
