<?xml version="1.0" encoding="UTF-8"?>
<!-- Generated by org.testng.reporters.JUnitReportReporter -->
<testsuite hostname="rb-ssuri" failures="0" tests="2" name="script.Demo4" time="0.004" errors="0" timestamp="2024-10-21T11:40:45 IST" skipped="0">
  <testcase classname="script.Demo4" name="createUser" time="0.003"/>
  <testcase classname="script.Demo4" name="createUser" time="0.001"/>
</testsuite> <!-- script.Demo4 -->
