<?xml version="1.0" encoding="UTF-8"?>
<!-- Generated by org.testng.reporters.JUnitReportReporter -->
<testsuite hostname="rb-ssuri" failures="0" tests="2" name="script.ValidLogin" time="58.378" errors="0" timestamp="2024-10-23T11:06:40 IST" skipped="0">
  <testcase classname="script.ValidLogin" name="testValidLogin" time="28.470">
    <system-out>
      <![CDATA[Home Page is Displayed]]>
    </system-out>
  </testcase> <!-- testValidLogin -->
  <testcase classname="script.ValidLogin" name="testValidLogin" time="29.908">
    <system-out>
      <![CDATA[Home Page is Displayed]]>
    </system-out>
  </testcase> <!-- testValidLogin -->
  <system-out>
    <![CDATA[Home Page is Displayed
Home Page is Displayed]]>
  </system-out>
</testsuite> <!-- script.ValidLogin -->
