<?xml version="1.0" encoding="UTF-8"?>
<!-- Generated by org.testng.reporters.JUnitReportReporter -->
<testsuite hostname="rb-ssuri" failures="0" tests="2" name="script.Demo4" time="0.003" errors="0" timestamp="2024-10-22T11:23:47 IST" skipped="0">
  <testcase classname="script.Demo4" name="createUser" time="0.001"/>
  <testcase classname="script.Demo4" name="createUser" time="0.002"/>
</testsuite> <!-- script.Demo4 -->
