<?xml version="1.0" encoding="UTF-8"?>
<!-- Generated by org.testng.reporters.JUnitReportReporter -->
<testsuite hostname="rb-ssuri" failures="0" tests="2" name="script.Demo1" time="75.640" errors="0" timestamp="2024-10-22T11:23:47 IST" skipped="0">
  <testcase classname="script.Demo1" name="testA" time="36.338"/>
  <testcase classname="script.Demo1" name="testA" time="39.302"/>
</testsuite> <!-- script.Demo1 -->
